{"D:\\Projetos\\web\\mundogeek\\client\\src\\App.tsx": {"path":"D:\\Projetos\\web\\mundogeek\\client\\src\\App.tsx","statementMap":{"0":{"start":{"line":11,"column":22},"end":{"line":51,"column":1}},"1":{"start":{"line":12,"column":26},"end":{"line":12,"column":40}},"2":{"start":{"line":13,"column":36},"end":{"line":13,"column":50}},"3":{"start":{"line":14,"column":32},"end":{"line":14,"column":89}},"4":{"start":{"line":15,"column":50},"end":{"line":15,"column":65}},"5":{"start":{"line":17,"column":2},"end":{"line":35,"column":9}},"6":{"start":{"line":18,"column":22},"end":{"line":32,"column":5}},"7":{"start":{"line":19,"column":6},"end":{"line":31,"column":7}},"8":{"start":{"line":20,"column":25},"end":{"line":20,"column":79}},"9":{"start":{"line":21,"column":8},"end":{"line":21,"column":31}},"10":{"start":{"line":22,"column":8},"end":{"line":22,"column":26}},"11":{"start":{"line":23,"column":8},"end":{"line":23,"column":28}},"12":{"start":{"line":26,"column":8},"end":{"line":26,"column":64}},"13":{"start":{"line":27,"column":8},"end":{"line":30,"column":17}},"14":{"start":{"line":28,"column":10},"end":{"line":28,"column":36}},"15":{"start":{"line":29,"column":10},"end":{"line":29,"column":89}},"16":{"start":{"line":34,"column":4},"end":{"line":34,"column":16}},"17":{"start":{"line":37,"column":2},"end":{"line":50,"column":4}}},"fnMap":{"0":{"name":"(anonymous_0)","decl":{"start":{"line":11,"column":22},"end":{"line":11,"column":23}},"loc":{"start":{"line":11,"column":28},"end":{"line":51,"column":1}},"line":11},"1":{"name":"(anonymous_1)","decl":{"start":{"line":17,"column":12},"end":{"line":17,"column":13}},"loc":{"start":{"line":17,"column":18},"end":{"line":35,"column":3}},"line":17},"2":{"name":"(anonymous_2)","decl":{"start":{"line":18,"column":22},"end":{"line":18,"column":23}},"loc":{"start":{"line":18,"column":34},"end":{"line":32,"column":5}},"line":18},"3":{"name":"(anonymous_3)","decl":{"start":{"line":27,"column":19},"end":{"line":27,"column":20}},"loc":{"start":{"line":27,"column":25},"end":{"line":30,"column":9}},"line":27}},"branchMap":{"0":{"loc":{"start":{"line":39,"column":8},"end":{"line":48,"column":7}},"type":"cond-expr","locations":[{"start":{"line":40,"column":8},"end":{"line":40,"column":73}},{"start":{"line":42,"column":8},"end":{"line":47,"column":11}}],"line":39}},"s":{"0":0,"1":0,"2":0,"3":0,"4":0,"5":0,"6":0,"7":0,"8":0,"9":0,"10":0,"11":0,"12":0,"13":0,"14":0,"15":0,"16":0,"17":0},"f":{"0":0,"1":0,"2":0,"3":0},"b":{"0":[0,0]}}
,"D:\\Projetos\\web\\mundogeek\\client\\src\\main.tsx": {"path":"D:\\Projetos\\web\\mundogeek\\client\\src\\main.tsx","statementMap":{"0":{"start":{"line":14,"column":15},"end":{"line":38,"column":2}},"1":{"start":{"line":40,"column":0},"end":{"line":43,"column":1}}},"fnMap":{},"branchMap":{},"s":{"0":0,"1":0},"f":{},"b":{}}
,"D:\\Projetos\\web\\mundogeek\\client\\src\\vite-env.d.ts": {"path":"D:\\Projetos\\web\\mundogeek\\client\\src\\vite-env.d.ts","statementMap":{},"fnMap":{},"branchMap":{},"s":{},"f":{},"b":{}}
,"D:\\Projetos\\web\\mundogeek\\client\\src\\components\\Content\\Feed.tsx": {"path":"D:\\Projetos\\web\\mundogeek\\client\\src\\components\\Content\\Feed.tsx","statementMap":{"0":{"start":{"line":6,"column":4},"end":{"line":30,"column":6}}},"fnMap":{"0":{"name":"Feed","decl":{"start":{"line":5,"column":9},"end":{"line":5,"column":13}},"loc":{"start":{"line":5,"column":16},"end":{"line":31,"column":1}},"line":5}},"branchMap":{},"s":{"0":0},"f":{"0":0},"b":{}}
,"D:\\Projetos\\web\\mundogeek\\client\\src\\components\\Content\\Highlights.tsx": {"path":"D:\\Projetos\\web\\mundogeek\\client\\src\\components\\Content\\Highlights.tsx","statementMap":{"0":{"start":{"line":5,"column":4},"end":{"line":13,"column":6}}},"fnMap":{"0":{"name":"Highlights","decl":{"start":{"line":3,"column":9},"end":{"line":3,"column":19}},"loc":{"start":{"line":3,"column":22},"end":{"line":14,"column":1}},"line":3}},"branchMap":{},"s":{"0":0},"f":{"0":0},"b":{}}
,"D:\\Projetos\\web\\mundogeek\\client\\src\\components\\Content\\Post.tsx": {"path":"D:\\Projetos\\web\\mundogeek\\client\\src\\components\\Content\\Post.tsx","statementMap":{"0":{"start":{"line":12,"column":17},"end":{"line":12,"column":30}},"1":{"start":{"line":32,"column":22},"end":{"line":184,"column":1}},"2":{"start":{"line":34,"column":19},"end":{"line":34,"column":46}},"3":{"start":{"line":36,"column":38},"end":{"line":40,"column":6}},"4":{"start":{"line":42,"column":38},"end":{"line":46,"column":6}},"5":{"start":{"line":48,"column":44},"end":{"line":52,"column":6}},"6":{"start":{"line":54,"column":25},"end":{"line":61,"column":5}},"7":{"start":{"line":55,"column":8},"end":{"line":60,"column":9}},"8":{"start":{"line":57,"column":12},"end":{"line":57,"column":80}},"9":{"start":{"line":59,"column":12},"end":{"line":59,"column":33}},"10":{"start":{"line":63,"column":4},"end":{"line":119,"column":12}},"11":{"start":{"line":64,"column":8},"end":{"line":64,"column":29}},"12":{"start":{"line":65,"column":8},"end":{"line":65,"column":52}},"13":{"start":{"line":66,"column":8},"end":{"line":66,"column":52}},"14":{"start":{"line":67,"column":8},"end":{"line":67,"column":58}},"15":{"start":{"line":69,"column":8},"end":{"line":69,"column":23}},"16":{"start":{"line":71,"column":26},"end":{"line":84,"column":9}},"17":{"start":{"line":72,"column":12},"end":{"line":83,"column":13}},"18":{"start":{"line":74,"column":16},"end":{"line":80,"column":24}},"19":{"start":{"line":75,"column":40},"end":{"line":77,"column":22}},"20":{"start":{"line":78,"column":34},"end":{"line":80,"column":22}},"21":{"start":{"line":82,"column":16},"end":{"line":82,"column":62}},"22":{"start":{"line":86,"column":26},"end":{"line":99,"column":9}},"23":{"start":{"line":87,"column":12},"end":{"line":98,"column":13}},"24":{"start":{"line":89,"column":16},"end":{"line":95,"column":24}},"25":{"start":{"line":90,"column":40},"end":{"line":92,"column":22}},"26":{"start":{"line":93,"column":34},"end":{"line":95,"column":22}},"27":{"start":{"line":97,"column":16},"end":{"line":97,"column":75}},"28":{"start":{"line":101,"column":29},"end":{"line":114,"column":9}},"29":{"start":{"line":102,"column":12},"end":{"line":113,"column":13}},"30":{"start":{"line":104,"column":16},"end":{"line":110,"column":24}},"31":{"start":{"line":105,"column":40},"end":{"line":107,"column":22}},"32":{"start":{"line":108,"column":34},"end":{"line":110,"column":22}},"33":{"start":{"line":112,"column":16},"end":{"line":112,"column":75}},"34":{"start":{"line":116,"column":8},"end":{"line":116,"column":20}},"35":{"start":{"line":117,"column":8},"end":{"line":117,"column":20}},"36":{"start":{"line":118,"column":8},"end":{"line":118,"column":23}},"37":{"start":{"line":121,"column":22},"end":{"line":121,"column":31}},"38":{"start":{"line":122,"column":22},"end":{"line":122,"column":31}},"39":{"start":{"line":123,"column":25},"end":{"line":123,"column":37}},"40":{"start":{"line":125,"column":4},"end":{"line":183,"column":6}},"41":{"start":{"line":130,"column":24},"end":{"line":147,"column":30}},"42":{"start":{"line":157,"column":32},"end":{"line":159,"column":38}},"43":{"start":{"line":172,"column":32},"end":{"line":176,"column":38}}},"fnMap":{"0":{"name":"(anonymous_0)","decl":{"start":{"line":32,"column":22},"end":{"line":32,"column":23}},"loc":{"start":{"line":32,"column":28},"end":{"line":184,"column":1}},"line":32},"1":{"name":"(anonymous_1)","decl":{"start":{"line":54,"column":25},"end":{"line":54,"column":26}},"loc":{"start":{"line":54,"column":37},"end":{"line":61,"column":5}},"line":54},"2":{"name":"(anonymous_2)","decl":{"start":{"line":63,"column":14},"end":{"line":63,"column":15}},"loc":{"start":{"line":63,"column":20},"end":{"line":119,"column":5}},"line":63},"3":{"name":"(anonymous_3)","decl":{"start":{"line":71,"column":26},"end":{"line":71,"column":27}},"loc":{"start":{"line":71,"column":38},"end":{"line":84,"column":9}},"line":71},"4":{"name":"(anonymous_4)","decl":{"start":{"line":75,"column":26},"end":{"line":75,"column":27}},"loc":{"start":{"line":75,"column":40},"end":{"line":77,"column":22}},"line":75},"5":{"name":"(anonymous_5)","decl":{"start":{"line":78,"column":27},"end":{"line":78,"column":28}},"loc":{"start":{"line":78,"column":34},"end":{"line":80,"column":22}},"line":78},"6":{"name":"(anonymous_6)","decl":{"start":{"line":86,"column":26},"end":{"line":86,"column":27}},"loc":{"start":{"line":86,"column":38},"end":{"line":99,"column":9}},"line":86},"7":{"name":"(anonymous_7)","decl":{"start":{"line":90,"column":26},"end":{"line":90,"column":27}},"loc":{"start":{"line":90,"column":40},"end":{"line":92,"column":22}},"line":90},"8":{"name":"(anonymous_8)","decl":{"start":{"line":93,"column":27},"end":{"line":93,"column":28}},"loc":{"start":{"line":93,"column":34},"end":{"line":95,"column":22}},"line":93},"9":{"name":"(anonymous_9)","decl":{"start":{"line":101,"column":29},"end":{"line":101,"column":30}},"loc":{"start":{"line":101,"column":41},"end":{"line":114,"column":9}},"line":101},"10":{"name":"(anonymous_10)","decl":{"start":{"line":105,"column":26},"end":{"line":105,"column":27}},"loc":{"start":{"line":105,"column":40},"end":{"line":107,"column":22}},"line":105},"11":{"name":"(anonymous_11)","decl":{"start":{"line":108,"column":27},"end":{"line":108,"column":28}},"loc":{"start":{"line":108,"column":34},"end":{"line":110,"column":22}},"line":108},"12":{"name":"(anonymous_12)","decl":{"start":{"line":129,"column":54},"end":{"line":129,"column":55}},"loc":{"start":{"line":130,"column":24},"end":{"line":147,"column":30}},"line":130},"13":{"name":"(anonymous_13)","decl":{"start":{"line":156,"column":62},"end":{"line":156,"column":63}},"loc":{"start":{"line":157,"column":32},"end":{"line":159,"column":38}},"line":157},"14":{"name":"(anonymous_14)","decl":{"start":{"line":171,"column":68},"end":{"line":171,"column":69}},"loc":{"start":{"line":172,"column":32},"end":{"line":176,"column":38}},"line":172}},"branchMap":{"0":{"loc":{"start":{"line":129,"column":20},"end":{"line":148,"column":22}},"type":"binary-expr","locations":[{"start":{"line":129,"column":20},"end":{"line":129,"column":38}},{"start":{"line":129,"column":42},"end":{"line":148,"column":22}}],"line":129},"1":{"loc":{"start":{"line":156,"column":28},"end":{"line":160,"column":30}},"type":"binary-expr","locations":[{"start":{"line":156,"column":28},"end":{"line":156,"column":46}},{"start":{"line":156,"column":50},"end":{"line":160,"column":30}}],"line":156},"2":{"loc":{"start":{"line":171,"column":28},"end":{"line":177,"column":30}},"type":"binary-expr","locations":[{"start":{"line":171,"column":28},"end":{"line":171,"column":49}},{"start":{"line":171,"column":53},"end":{"line":177,"column":30}}],"line":171}},"s":{"0":0,"1":0,"2":0,"3":0,"4":0,"5":0,"6":0,"7":0,"8":0,"9":0,"10":0,"11":0,"12":0,"13":0,"14":0,"15":0,"16":0,"17":0,"18":0,"19":0,"20":0,"21":0,"22":0,"23":0,"24":0,"25":0,"26":0,"27":0,"28":0,"29":0,"30":0,"31":0,"32":0,"33":0,"34":0,"35":0,"36":0,"37":0,"38":0,"39":0,"40":0,"41":0,"42":0,"43":0},"f":{"0":0,"1":0,"2":0,"3":0,"4":0,"5":0,"6":0,"7":0,"8":0,"9":0,"10":0,"11":0,"12":0,"13":0,"14":0},"b":{"0":[0,0],"1":[0,0],"2":[0,0]}}
,"D:\\Projetos\\web\\mundogeek\\client\\src\\components\\Content\\Search.tsx": {"path":"D:\\Projetos\\web\\mundogeek\\client\\src\\components\\Content\\Search.tsx","statementMap":{"0":{"start":{"line":8,"column":25},"end":{"line":85,"column":1}},"1":{"start":{"line":9,"column":22},"end":{"line":9,"column":52}},"2":{"start":{"line":10,"column":30},"end":{"line":10,"column":52}},"3":{"start":{"line":11,"column":28},"end":{"line":11,"column":47}},"4":{"start":{"line":12,"column":34},"end":{"line":12,"column":59}},"5":{"start":{"line":13,"column":42},"end":{"line":13,"column":57}},"6":{"start":{"line":14,"column":36},"end":{"line":14,"column":60}},"7":{"start":{"line":15,"column":56},"end":{"line":15,"column":70}},"8":{"start":{"line":17,"column":22},"end":{"line":42,"column":5}},"9":{"start":{"line":18,"column":8},"end":{"line":18,"column":29}},"10":{"start":{"line":19,"column":8},"end":{"line":19,"column":27}},"11":{"start":{"line":21,"column":8},"end":{"line":41,"column":9}},"12":{"start":{"line":22,"column":29},"end":{"line":22,"column":109}},"13":{"start":{"line":24,"column":39},"end":{"line":24,"column":52}},"14":{"start":{"line":25,"column":12},"end":{"line":25,"column":34}},"15":{"start":{"line":27,"column":12},"end":{"line":34,"column":13}},"16":{"start":{"line":28,"column":16},"end":{"line":28,"column":74}},"17":{"start":{"line":29,"column":16},"end":{"line":29,"column":45}},"18":{"start":{"line":31,"column":16},"end":{"line":31,"column":69}},"19":{"start":{"line":31,"column":40},"end":{"line":31,"column":67}},"20":{"start":{"line":32,"column":16},"end":{"line":32,"column":44}},"21":{"start":{"line":33,"column":16},"end":{"line":33,"column":44}},"22":{"start":{"line":36,"column":12},"end":{"line":40,"column":13}},"23":{"start":{"line":37,"column":16},"end":{"line":37,"column":34}},"24":{"start":{"line":38,"column":16},"end":{"line":38,"column":74}},"25":{"start":{"line":39,"column":16},"end":{"line":39,"column":38}},"26":{"start":{"line":44,"column":4},"end":{"line":49,"column":16}},"27":{"start":{"line":45,"column":8},"end":{"line":45,"column":21}},"28":{"start":{"line":46,"column":8},"end":{"line":46,"column":19}},"29":{"start":{"line":47,"column":8},"end":{"line":47,"column":36}},"30":{"start":{"line":48,"column":8},"end":{"line":48,"column":21}},"31":{"start":{"line":51,"column":26},"end":{"line":56,"column":5}},"32":{"start":{"line":52,"column":25},"end":{"line":52,"column":34}},"33":{"start":{"line":53,"column":8},"end":{"line":53,"column":28}},"34":{"start":{"line":54,"column":8},"end":{"line":54,"column":26}},"35":{"start":{"line":55,"column":8},"end":{"line":55,"column":29}},"36":{"start":{"line":58,"column":4},"end":{"line":84,"column":6}}},"fnMap":{"0":{"name":"(anonymous_0)","decl":{"start":{"line":8,"column":25},"end":{"line":8,"column":26}},"loc":{"start":{"line":8,"column":31},"end":{"line":85,"column":1}},"line":8},"1":{"name":"(anonymous_1)","decl":{"start":{"line":17,"column":22},"end":{"line":17,"column":23}},"loc":{"start":{"line":17,"column":46},"end":{"line":42,"column":5}},"line":17},"2":{"name":"(anonymous_2)","decl":{"start":{"line":31,"column":25},"end":{"line":31,"column":26}},"loc":{"start":{"line":31,"column":40},"end":{"line":31,"column":67}},"line":31},"3":{"name":"(anonymous_3)","decl":{"start":{"line":44,"column":14},"end":{"line":44,"column":15}},"loc":{"start":{"line":44,"column":20},"end":{"line":49,"column":5}},"line":44},"4":{"name":"(anonymous_4)","decl":{"start":{"line":51,"column":26},"end":{"line":51,"column":27}},"loc":{"start":{"line":51,"column":32},"end":{"line":56,"column":5}},"line":51}},"branchMap":{"0":{"loc":{"start":{"line":27,"column":12},"end":{"line":34,"column":13}},"type":"if","locations":[{"start":{"line":27,"column":12},"end":{"line":34,"column":13}},{"start":{"line":30,"column":19},"end":{"line":34,"column":13}}],"line":27},"1":{"loc":{"start":{"line":36,"column":12},"end":{"line":40,"column":13}},"type":"if","locations":[{"start":{"line":36,"column":12},"end":{"line":40,"column":13}},{"start":{},"end":{}}],"line":36},"2":{"loc":{"start":{"line":36,"column":16},"end":{"line":36,"column":63}},"type":"binary-expr","locations":[{"start":{"line":36,"column":16},"end":{"line":36,"column":30}},{"start":{"line":36,"column":34},"end":{"line":36,"column":63}}],"line":36},"3":{"loc":{"start":{"line":64,"column":41},"end":{"line":64,"column":52}},"type":"binary-expr","locations":[{"start":{"line":64,"column":41},"end":{"line":64,"column":46}},{"start":{"line":64,"column":50},"end":{"line":64,"column":52}}],"line":64},"4":{"loc":{"start":{"line":65,"column":25},"end":{"line":79,"column":25}},"type":"cond-expr","locations":[{"start":{"line":66,"column":28},"end":{"line":68,"column":31}},{"start":{"line":70,"column":28},"end":{"line":78,"column":29}}],"line":65},"5":{"loc":{"start":{"line":70,"column":28},"end":{"line":78,"column":29}},"type":"binary-expr","locations":[{"start":{"line":70,"column":28},"end":{"line":70,"column":46}},{"start":{"line":71,"column":32},"end":{"line":77,"column":38}}],"line":70}},"s":{"0":0,"1":0,"2":0,"3":0,"4":0,"5":0,"6":0,"7":0,"8":0,"9":0,"10":0,"11":0,"12":0,"13":0,"14":0,"15":0,"16":0,"17":0,"18":0,"19":0,"20":0,"21":0,"22":0,"23":0,"24":0,"25":0,"26":0,"27":0,"28":0,"29":0,"30":0,"31":0,"32":0,"33":0,"34":0,"35":0,"36":0},"f":{"0":0,"1":0,"2":0,"3":0,"4":0},"b":{"0":[0,0],"1":[0,0],"2":[0,0],"3":[0,0],"4":[0,0],"5":[0,0]}}
,"D:\\Projetos\\web\\mundogeek\\client\\src\\components\\Content\\Tag.tsx": {"path":"D:\\Projetos\\web\\mundogeek\\client\\src\\components\\Content\\Tag.tsx","statementMap":{"0":{"start":{"line":14,"column":22},"end":{"line":67,"column":1}},"1":{"start":{"line":15,"column":19},"end":{"line":15,"column":46}},"2":{"start":{"line":17,"column":36},"end":{"line":21,"column":6}},"3":{"start":{"line":23,"column":4},"end":{"line":43,"column":17}},"4":{"start":{"line":24,"column":8},"end":{"line":24,"column":29}},"5":{"start":{"line":26,"column":8},"end":{"line":26,"column":50}},"6":{"start":{"line":28,"column":25},"end":{"line":40,"column":9}},"7":{"start":{"line":29,"column":12},"end":{"line":39,"column":13}},"8":{"start":{"line":30,"column":16},"end":{"line":36,"column":24}},"9":{"start":{"line":31,"column":40},"end":{"line":33,"column":22}},"10":{"start":{"line":34,"column":34},"end":{"line":36,"column":22}},"11":{"start":{"line":38,"column":16},"end":{"line":38,"column":74}},"12":{"start":{"line":42,"column":8},"end":{"line":42,"column":19}},"13":{"start":{"line":45,"column":23},"end":{"line":45,"column":31}},"14":{"start":{"line":47,"column":4},"end":{"line":66,"column":6}}},"fnMap":{"0":{"name":"(anonymous_0)","decl":{"start":{"line":14,"column":22},"end":{"line":14,"column":23}},"loc":{"start":{"line":14,"column":28},"end":{"line":67,"column":1}},"line":14},"1":{"name":"(anonymous_1)","decl":{"start":{"line":23,"column":14},"end":{"line":23,"column":15}},"loc":{"start":{"line":23,"column":20},"end":{"line":43,"column":9}},"line":23},"2":{"name":"(anonymous_2)","decl":{"start":{"line":28,"column":25},"end":{"line":28,"column":26}},"loc":{"start":{"line":28,"column":37},"end":{"line":40,"column":9}},"line":28},"3":{"name":"(anonymous_3)","decl":{"start":{"line":31,"column":26},"end":{"line":31,"column":27}},"loc":{"start":{"line":31,"column":40},"end":{"line":33,"column":22}},"line":31},"4":{"name":"(anonymous_4)","decl":{"start":{"line":34,"column":27},"end":{"line":34,"column":28}},"loc":{"start":{"line":34,"column":34},"end":{"line":36,"column":22}},"line":34}},"branchMap":{"0":{"loc":{"start":{"line":52,"column":21},"end":{"line":61,"column":21}},"type":"cond-expr","locations":[{"start":{"line":53,"column":24},"end":{"line":56,"column":27}},{"start":{"line":58,"column":24},"end":{"line":60,"column":27}}],"line":52},"1":{"loc":{"start":{"line":52,"column":21},"end":{"line":52,"column":48}},"type":"binary-expr","locations":[{"start":{"line":52,"column":21},"end":{"line":52,"column":27}},{"start":{"line":52,"column":31},"end":{"line":52,"column":48}}],"line":52}},"s":{"0":0,"1":0,"2":0,"3":0,"4":0,"5":0,"6":0,"7":0,"8":0,"9":0,"10":0,"11":0,"12":0,"13":0,"14":0},"f":{"0":0,"1":0,"2":0,"3":0,"4":0},"b":{"0":[0,0],"1":[0,0]}}
,"D:\\Projetos\\web\\mundogeek\\client\\src\\components\\Data\\DataHighlights.tsx": {"path":"D:\\Projetos\\web\\mundogeek\\client\\src\\components\\Data\\DataHighlights.tsx","statementMap":{"0":{"start":{"line":7,"column":17},"end":{"line":7,"column":30}},"1":{"start":{"line":15,"column":32},"end":{"line":51,"column":1}},"2":{"start":{"line":16,"column":30},"end":{"line":20,"column":6}},"3":{"start":{"line":22,"column":4},"end":{"line":33,"column":10}},"4":{"start":{"line":23,"column":8},"end":{"line":23,"column":44}},"5":{"start":{"line":26,"column":8},"end":{"line":32,"column":16}},"6":{"start":{"line":27,"column":32},"end":{"line":29,"column":14}},"7":{"start":{"line":30,"column":26},"end":{"line":32,"column":14}},"8":{"start":{"line":35,"column":23},"end":{"line":35,"column":28}},"9":{"start":{"line":37,"column":4},"end":{"line":50,"column":6}},"10":{"start":{"line":42,"column":20},"end":{"line":46,"column":26}}},"fnMap":{"0":{"name":"(anonymous_0)","decl":{"start":{"line":15,"column":32},"end":{"line":15,"column":33}},"loc":{"start":{"line":15,"column":38},"end":{"line":51,"column":1}},"line":15},"1":{"name":"(anonymous_1)","decl":{"start":{"line":22,"column":14},"end":{"line":22,"column":15}},"loc":{"start":{"line":22,"column":20},"end":{"line":33,"column":5}},"line":22},"2":{"name":"(anonymous_2)","decl":{"start":{"line":27,"column":18},"end":{"line":27,"column":19}},"loc":{"start":{"line":27,"column":32},"end":{"line":29,"column":14}},"line":27},"3":{"name":"(anonymous_3)","decl":{"start":{"line":30,"column":19},"end":{"line":30,"column":20}},"loc":{"start":{"line":30,"column":26},"end":{"line":32,"column":14}},"line":30},"4":{"name":"(anonymous_4)","decl":{"start":{"line":41,"column":53},"end":{"line":41,"column":54}},"loc":{"start":{"line":42,"column":20},"end":{"line":46,"column":26}},"line":42}},"branchMap":{"0":{"loc":{"start":{"line":41,"column":16},"end":{"line":47,"column":18}},"type":"binary-expr","locations":[{"start":{"line":41,"column":16},"end":{"line":41,"column":35}},{"start":{"line":41,"column":39},"end":{"line":47,"column":18}}],"line":41}},"s":{"0":0,"1":0,"2":0,"3":0,"4":0,"5":0,"6":0,"7":0,"8":0,"9":0,"10":0},"f":{"0":0,"1":0,"2":0,"3":0,"4":0},"b":{"0":[0,0]}}
,"D:\\Projetos\\web\\mundogeek\\client\\src\\components\\Data\\DataLastNews.tsx": {"path":"D:\\Projetos\\web\\mundogeek\\client\\src\\components\\Data\\DataLastNews.tsx","statementMap":{"0":{"start":{"line":12,"column":50},"end":{"line":82,"column":1}},"1":{"start":{"line":13,"column":30},"end":{"line":13,"column":52}},"2":{"start":{"line":14,"column":28},"end":{"line":14,"column":47}},"3":{"start":{"line":15,"column":34},"end":{"line":15,"column":57}},"4":{"start":{"line":16,"column":34},"end":{"line":16,"column":59}},"5":{"start":{"line":17,"column":42},"end":{"line":17,"column":57}},"6":{"start":{"line":18,"column":36},"end":{"line":18,"column":60}},"7":{"start":{"line":20,"column":26},"end":{"line":29,"column":7}},"8":{"start":{"line":21,"column":18},"end":{"line":21,"column":64}},"9":{"start":{"line":22,"column":8},"end":{"line":22,"column":28}},"10":{"start":{"line":24,"column":8},"end":{"line":26,"column":9}},"11":{"start":{"line":25,"column":10},"end":{"line":25,"column":30}},"12":{"start":{"line":28,"column":8},"end":{"line":28,"column":19}},"13":{"start":{"line":31,"column":28},"end":{"line":56,"column":7}},"14":{"start":{"line":32,"column":8},"end":{"line":32,"column":29}},"15":{"start":{"line":33,"column":8},"end":{"line":55,"column":9}},"16":{"start":{"line":34,"column":27},"end":{"line":34,"column":59}},"17":{"start":{"line":36,"column":37},"end":{"line":36,"column":50}},"18":{"start":{"line":37,"column":10},"end":{"line":37,"column":38}},"19":{"start":{"line":38,"column":10},"end":{"line":38,"column":32}},"20":{"start":{"line":40,"column":10},"end":{"line":46,"column":11}},"21":{"start":{"line":41,"column":12},"end":{"line":41,"column":30}},"22":{"start":{"line":44,"column":12},"end":{"line":44,"column":65}},"23":{"start":{"line":44,"column":36},"end":{"line":44,"column":63}},"24":{"start":{"line":45,"column":12},"end":{"line":45,"column":49}},"25":{"start":{"line":45,"column":34},"end":{"line":45,"column":47}},"26":{"start":{"line":48,"column":10},"end":{"line":48,"column":61}},"27":{"start":{"line":49,"column":10},"end":{"line":54,"column":11}},"28":{"start":{"line":51,"column":12},"end":{"line":51,"column":30}},"29":{"start":{"line":52,"column":12},"end":{"line":52,"column":70}},"30":{"start":{"line":53,"column":12},"end":{"line":53,"column":34}},"31":{"start":{"line":58,"column":4},"end":{"line":60,"column":11}},"32":{"start":{"line":59,"column":8},"end":{"line":59,"column":24}},"33":{"start":{"line":62,"column":4},"end":{"line":81,"column":6}}},"fnMap":{"0":{"name":"(anonymous_0)","decl":{"start":{"line":12,"column":50},"end":{"line":12,"column":51}},"loc":{"start":{"line":12,"column":65},"end":{"line":82,"column":1}},"line":12},"1":{"name":"(anonymous_1)","decl":{"start":{"line":20,"column":26},"end":{"line":20,"column":27}},"loc":{"start":{"line":20,"column":32},"end":{"line":29,"column":7}},"line":20},"2":{"name":"(anonymous_2)","decl":{"start":{"line":31,"column":28},"end":{"line":31,"column":29}},"loc":{"start":{"line":31,"column":40},"end":{"line":56,"column":7}},"line":31},"3":{"name":"(anonymous_3)","decl":{"start":{"line":44,"column":21},"end":{"line":44,"column":22}},"loc":{"start":{"line":44,"column":36},"end":{"line":44,"column":63}},"line":44},"4":{"name":"(anonymous_4)","decl":{"start":{"line":45,"column":20},"end":{"line":45,"column":21}},"loc":{"start":{"line":45,"column":34},"end":{"line":45,"column":47}},"line":45},"5":{"name":"(anonymous_5)","decl":{"start":{"line":58,"column":14},"end":{"line":58,"column":15}},"loc":{"start":{"line":58,"column":20},"end":{"line":60,"column":5}},"line":58}},"branchMap":{"0":{"loc":{"start":{"line":24,"column":8},"end":{"line":26,"column":9}},"type":"if","locations":[{"start":{"line":24,"column":8},"end":{"line":26,"column":9}},{"start":{},"end":{}}],"line":24},"1":{"loc":{"start":{"line":40,"column":10},"end":{"line":46,"column":11}},"type":"if","locations":[{"start":{"line":40,"column":10},"end":{"line":46,"column":11}},{"start":{"line":42,"column":17},"end":{"line":46,"column":11}}],"line":40},"2":{"loc":{"start":{"line":49,"column":10},"end":{"line":54,"column":11}},"type":"if","locations":[{"start":{"line":49,"column":10},"end":{"line":54,"column":11}},{"start":{},"end":{}}],"line":49},"3":{"loc":{"start":{"line":49,"column":14},"end":{"line":49,"column":61}},"type":"binary-expr","locations":[{"start":{"line":49,"column":14},"end":{"line":49,"column":28}},{"start":{"line":49,"column":32},"end":{"line":49,"column":61}}],"line":49},"4":{"loc":{"start":{"line":64,"column":29},"end":{"line":64,"column":40}},"type":"binary-expr","locations":[{"start":{"line":64,"column":29},"end":{"line":64,"column":34}},{"start":{"line":64,"column":38},"end":{"line":64,"column":40}}],"line":64},"5":{"loc":{"start":{"line":65,"column":13},"end":{"line":79,"column":13}},"type":"cond-expr","locations":[{"start":{"line":66,"column":16},"end":{"line":66,"column":34}},{"start":{"line":68,"column":16},"end":{"line":78,"column":19}}],"line":65},"6":{"loc":{"start":{"line":69,"column":17},"end":{"line":77,"column":17}},"type":"binary-expr","locations":[{"start":{"line":69,"column":17},"end":{"line":69,"column":24}},{"start":{"line":70,"column":20},"end":{"line":76,"column":26}}],"line":69}},"s":{"0":0,"1":0,"2":0,"3":0,"4":0,"5":0,"6":0,"7":0,"8":0,"9":0,"10":0,"11":0,"12":0,"13":0,"14":0,"15":0,"16":0,"17":0,"18":0,"19":0,"20":0,"21":0,"22":0,"23":0,"24":0,"25":0,"26":0,"27":0,"28":0,"29":0,"30":0,"31":0,"32":0,"33":0},"f":{"0":0,"1":0,"2":0,"3":0,"4":0,"5":0},"b":{"0":[0,0],"1":[0,0],"2":[0,0],"3":[0,0],"4":[0,0],"5":[0,0],"6":[0,0]}}
,"D:\\Projetos\\web\\mundogeek\\client\\src\\components\\Data\\DataLastReviews.tsx": {"path":"D:\\Projetos\\web\\mundogeek\\client\\src\\components\\Data\\DataLastReviews.tsx","statementMap":{"0":{"start":{"line":7,"column":17},"end":{"line":7,"column":30}},"1":{"start":{"line":15,"column":33},"end":{"line":52,"column":1}},"2":{"start":{"line":16,"column":30},"end":{"line":20,"column":6}},"3":{"start":{"line":22,"column":4},"end":{"line":33,"column":10}},"4":{"start":{"line":23,"column":8},"end":{"line":23,"column":44}},"5":{"start":{"line":26,"column":8},"end":{"line":32,"column":16}},"6":{"start":{"line":27,"column":25},"end":{"line":29,"column":14}},"7":{"start":{"line":30,"column":26},"end":{"line":32,"column":14}},"8":{"start":{"line":35,"column":23},"end":{"line":35,"column":28}},"9":{"start":{"line":37,"column":4},"end":{"line":51,"column":6}},"10":{"start":{"line":41,"column":20},"end":{"line":47,"column":26}}},"fnMap":{"0":{"name":"(anonymous_0)","decl":{"start":{"line":15,"column":33},"end":{"line":15,"column":34}},"loc":{"start":{"line":15,"column":39},"end":{"line":52,"column":1}},"line":15},"1":{"name":"(anonymous_1)","decl":{"start":{"line":22,"column":14},"end":{"line":22,"column":15}},"loc":{"start":{"line":22,"column":20},"end":{"line":33,"column":5}},"line":22},"2":{"name":"(anonymous_2)","decl":{"start":{"line":27,"column":18},"end":{"line":27,"column":19}},"loc":{"start":{"line":27,"column":25},"end":{"line":29,"column":14}},"line":27},"3":{"name":"(anonymous_3)","decl":{"start":{"line":30,"column":19},"end":{"line":30,"column":20}},"loc":{"start":{"line":30,"column":26},"end":{"line":32,"column":14}},"line":30},"4":{"name":"(anonymous_4)","decl":{"start":{"line":40,"column":53},"end":{"line":40,"column":54}},"loc":{"start":{"line":41,"column":20},"end":{"line":47,"column":26}},"line":41}},"branchMap":{"0":{"loc":{"start":{"line":40,"column":16},"end":{"line":48,"column":18}},"type":"binary-expr","locations":[{"start":{"line":40,"column":16},"end":{"line":40,"column":35}},{"start":{"line":40,"column":39},"end":{"line":48,"column":18}}],"line":40}},"s":{"0":0,"1":0,"2":0,"3":0,"4":0,"5":0,"6":0,"7":0,"8":0,"9":0,"10":0},"f":{"0":0,"1":0,"2":0,"3":0,"4":0},"b":{"0":[0,0]}}
,"D:\\Projetos\\web\\mundogeek\\client\\src\\components\\Data\\DataTopViews.tsx": {"path":"D:\\Projetos\\web\\mundogeek\\client\\src\\components\\Data\\DataTopViews.tsx","statementMap":{"0":{"start":{"line":7,"column":17},"end":{"line":7,"column":30}},"1":{"start":{"line":15,"column":30},"end":{"line":52,"column":1}},"2":{"start":{"line":16,"column":30},"end":{"line":20,"column":6}},"3":{"start":{"line":22,"column":4},"end":{"line":33,"column":10}},"4":{"start":{"line":23,"column":8},"end":{"line":23,"column":44}},"5":{"start":{"line":26,"column":8},"end":{"line":32,"column":16}},"6":{"start":{"line":27,"column":25},"end":{"line":29,"column":14}},"7":{"start":{"line":30,"column":26},"end":{"line":32,"column":14}},"8":{"start":{"line":35,"column":23},"end":{"line":35,"column":28}},"9":{"start":{"line":37,"column":4},"end":{"line":51,"column":6}},"10":{"start":{"line":41,"column":20},"end":{"line":47,"column":26}}},"fnMap":{"0":{"name":"(anonymous_0)","decl":{"start":{"line":15,"column":30},"end":{"line":15,"column":31}},"loc":{"start":{"line":15,"column":36},"end":{"line":52,"column":1}},"line":15},"1":{"name":"(anonymous_1)","decl":{"start":{"line":22,"column":14},"end":{"line":22,"column":15}},"loc":{"start":{"line":22,"column":20},"end":{"line":33,"column":5}},"line":22},"2":{"name":"(anonymous_2)","decl":{"start":{"line":27,"column":18},"end":{"line":27,"column":19}},"loc":{"start":{"line":27,"column":25},"end":{"line":29,"column":14}},"line":27},"3":{"name":"(anonymous_3)","decl":{"start":{"line":30,"column":19},"end":{"line":30,"column":20}},"loc":{"start":{"line":30,"column":26},"end":{"line":32,"column":14}},"line":30},"4":{"name":"(anonymous_4)","decl":{"start":{"line":40,"column":53},"end":{"line":40,"column":54}},"loc":{"start":{"line":41,"column":20},"end":{"line":47,"column":26}},"line":41}},"branchMap":{"0":{"loc":{"start":{"line":40,"column":16},"end":{"line":48,"column":18}},"type":"binary-expr","locations":[{"start":{"line":40,"column":16},"end":{"line":40,"column":35}},{"start":{"line":40,"column":39},"end":{"line":48,"column":18}}],"line":40}},"s":{"0":0,"1":0,"2":0,"3":0,"4":0,"5":0,"6":0,"7":0,"8":0,"9":0,"10":0},"f":{"0":0,"1":0,"2":0,"3":0,"4":0},"b":{"0":[0,0]}}
,"D:\\Projetos\\web\\mundogeek\\client\\src\\components\\Footer\\Footer.tsx": {"path":"D:\\Projetos\\web\\mundogeek\\client\\src\\components\\Footer\\Footer.tsx","statementMap":{"0":{"start":{"line":2,"column":4},"end":{"line":83,"column":6}}},"fnMap":{"0":{"name":"Footer","decl":{"start":{"line":1,"column":9},"end":{"line":1,"column":15}},"loc":{"start":{"line":1,"column":18},"end":{"line":84,"column":1}},"line":1}},"branchMap":{},"s":{"0":0},"f":{"0":0},"b":{}}
,"D:\\Projetos\\web\\mundogeek\\client\\src\\components\\Header\\Header.tsx": {"path":"D:\\Projetos\\web\\mundogeek\\client\\src\\components\\Header\\Header.tsx","statementMap":{"0":{"start":{"line":5,"column":30},"end":{"line":5,"column":42}},"1":{"start":{"line":6,"column":21},"end":{"line":6,"column":34}},"2":{"start":{"line":8,"column":30},"end":{"line":10,"column":5}},"3":{"start":{"line":9,"column":8},"end":{"line":9,"column":37}},"4":{"start":{"line":12,"column":25},"end":{"line":17,"column":5}},"5":{"start":{"line":13,"column":8},"end":{"line":13,"column":31}},"6":{"start":{"line":14,"column":8},"end":{"line":16,"column":9}},"7":{"start":{"line":15,"column":12},"end":{"line":15,"column":41}},"8":{"start":{"line":19,"column":4},"end":{"line":44,"column":5}}},"fnMap":{"0":{"name":"Header","decl":{"start":{"line":4,"column":9},"end":{"line":4,"column":15}},"loc":{"start":{"line":4,"column":18},"end":{"line":45,"column":1}},"line":4},"1":{"name":"(anonymous_1)","decl":{"start":{"line":8,"column":30},"end":{"line":8,"column":31}},"loc":{"start":{"line":8,"column":78},"end":{"line":10,"column":5}},"line":8},"2":{"name":"(anonymous_2)","decl":{"start":{"line":12,"column":25},"end":{"line":12,"column":26}},"loc":{"start":{"line":12,"column":70},"end":{"line":17,"column":5}},"line":12}},"branchMap":{"0":{"loc":{"start":{"line":14,"column":8},"end":{"line":16,"column":9}},"type":"if","locations":[{"start":{"line":14,"column":8},"end":{"line":16,"column":9}},{"start":{},"end":{}}],"line":14}},"s":{"0":0,"1":0,"2":0,"3":0,"4":0,"5":0,"6":0,"7":0,"8":0},"f":{"0":0,"1":0,"2":0},"b":{"0":[0,0]}}
,"D:\\Projetos\\web\\mundogeek\\client\\src\\components\\Header\\HeaderBottom.tsx": {"path":"D:\\Projetos\\web\\mundogeek\\client\\src\\components\\Header\\HeaderBottom.tsx","statementMap":{"0":{"start":{"line":4,"column":4},"end":{"line":20,"column":5}}},"fnMap":{"0":{"name":"HeaderBottom","decl":{"start":{"line":3,"column":9},"end":{"line":3,"column":21}},"loc":{"start":{"line":3,"column":24},"end":{"line":21,"column":1}},"line":3}},"branchMap":{},"s":{"0":0},"f":{"0":0},"b":{}}
,"D:\\Projetos\\web\\mundogeek\\client\\src\\components\\Loading\\Loading.tsx": {"path":"D:\\Projetos\\web\\mundogeek\\client\\src\\components\\Loading\\Loading.tsx","statementMap":{"0":{"start":{"line":11,"column":40},"end":{"line":26,"column":3}},"1":{"start":{"line":13,"column":4},"end":{"line":25,"column":6}}},"fnMap":{"0":{"name":"(anonymous_0)","decl":{"start":{"line":11,"column":40},"end":{"line":11,"column":41}},"loc":{"start":{"line":11,"column":73},"end":{"line":26,"column":3}},"line":11}},"branchMap":{"0":{"loc":{"start":{"line":17,"column":13},"end":{"line":21,"column":13}},"type":"cond-expr","locations":[{"start":{"line":18,"column":16},"end":{"line":18,"column":55}},{"start":{"line":20,"column":16},"end":{"line":20,"column":60}}],"line":17}},"s":{"0":0,"1":0},"f":{"0":0},"b":{"0":[0,0]}}
,"D:\\Projetos\\web\\mundogeek\\client\\src\\components\\Models\\IPosts.ts": {"path":"D:\\Projetos\\web\\mundogeek\\client\\src\\components\\Models\\IPosts.ts","statementMap":{},"fnMap":{},"branchMap":{},"s":{},"f":{},"b":{}}
,"D:\\Projetos\\web\\mundogeek\\client\\src\\components\\Models\\ITags.ts": {"path":"D:\\Projetos\\web\\mundogeek\\client\\src\\components\\Models\\ITags.ts","statementMap":{},"fnMap":{},"branchMap":{},"s":{},"f":{},"b":{}}
,"D:\\Projetos\\web\\mundogeek\\client\\src\\components\\Models\\ITopComments.ts": {"path":"D:\\Projetos\\web\\mundogeek\\client\\src\\components\\Models\\ITopComments.ts","statementMap":{},"fnMap":{},"branchMap":{},"s":{},"f":{},"b":{}}
,"D:\\Projetos\\web\\mundogeek\\client\\src\\components\\Posts\\LoadMoreButton.tsx": {"path":"D:\\Projetos\\web\\mundogeek\\client\\src\\components\\Posts\\LoadMoreButton.tsx","statementMap":{"0":{"start":{"line":10,"column":54},"end":{"line":12,"column":1}},"1":{"start":{"line":11,"column":4},"end":{"line":11,"column":135}}},"fnMap":{"0":{"name":"(anonymous_0)","decl":{"start":{"line":10,"column":54},"end":{"line":10,"column":55}},"loc":{"start":{"line":10,"column":93},"end":{"line":12,"column":1}},"line":10}},"branchMap":{"0":{"loc":{"start":{"line":11,"column":59},"end":{"line":11,"column":124}},"type":"cond-expr","locations":[{"start":{"line":11,"column":73},"end":{"line":11,"column":114}},{"start":{"line":11,"column":117},"end":{"line":11,"column":124}}],"line":11}},"s":{"0":0,"1":0},"f":{"0":0},"b":{"0":[0,0]}}
,"D:\\Projetos\\web\\mundogeek\\client\\src\\components\\Posts\\PostsLists.tsx": {"path":"D:\\Projetos\\web\\mundogeek\\client\\src\\components\\Posts\\PostsLists.tsx","statementMap":{"0":{"start":{"line":5,"column":17},"end":{"line":5,"column":30}},"1":{"start":{"line":11,"column":42},"end":{"line":34,"column":1}},"2":{"start":{"line":13,"column":4},"end":{"line":33,"column":6}},"3":{"start":{"line":17,"column":20},"end":{"line":30,"column":26}}},"fnMap":{"0":{"name":"(anonymous_0)","decl":{"start":{"line":11,"column":42},"end":{"line":11,"column":43}},"loc":{"start":{"line":11,"column":57},"end":{"line":34,"column":1}},"line":11},"1":{"name":"(anonymous_1)","decl":{"start":{"line":16,"column":26},"end":{"line":16,"column":27}},"loc":{"start":{"line":17,"column":20},"end":{"line":30,"column":26}},"line":17}},"branchMap":{"0":{"loc":{"start":{"line":15,"column":13},"end":{"line":31,"column":18}},"type":"binary-expr","locations":[{"start":{"line":15,"column":13},"end":{"line":15,"column":18}},{"start":{"line":16,"column":16},"end":{"line":31,"column":18}}],"line":15}},"s":{"0":0,"1":0,"2":0,"3":0},"f":{"0":0,"1":0},"b":{"0":[0,0]}}
,"D:\\Projetos\\web\\mundogeek\\client\\src\\components\\Services\\HighlightsServices.ts": {"path":"D:\\Projetos\\web\\mundogeek\\client\\src\\components\\Services\\HighlightsServices.ts","statementMap":{"0":{"start":{"line":4,"column":32},"end":{"line":4,"column":53}},"1":{"start":{"line":7,"column":34},"end":{"line":7,"column":47}},"2":{"start":{"line":8,"column":8},"end":{"line":8,"column":38}}},"fnMap":{"0":{"name":"(anonymous_0)","decl":{"start":{"line":6,"column":4},"end":{"line":6,"column":5}},"loc":{"start":{"line":6,"column":37},"end":{"line":9,"column":5}},"line":6}},"branchMap":{},"s":{"0":0,"1":0,"2":0},"f":{"0":0},"b":{}}
,"D:\\Projetos\\web\\mundogeek\\client\\src\\components\\Services\\LastNewsServices.ts": {"path":"D:\\Projetos\\web\\mundogeek\\client\\src\\components\\Services\\LastNewsServices.ts","statementMap":{"0":{"start":{"line":4,"column":32},"end":{"line":4,"column":52}},"1":{"start":{"line":7,"column":29},"end":{"line":7,"column":42}},"2":{"start":{"line":8,"column":8},"end":{"line":8,"column":33}}},"fnMap":{"0":{"name":"(anonymous_0)","decl":{"start":{"line":6,"column":4},"end":{"line":6,"column":5}},"loc":{"start":{"line":6,"column":35},"end":{"line":9,"column":5}},"line":6}},"branchMap":{},"s":{"0":0,"1":0,"2":0},"f":{"0":0},"b":{}}
,"D:\\Projetos\\web\\mundogeek\\client\\src\\components\\Services\\LastReviewsServices.ts": {"path":"D:\\Projetos\\web\\mundogeek\\client\\src\\components\\Services\\LastReviewsServices.ts","statementMap":{"0":{"start":{"line":4,"column":32},"end":{"line":4,"column":55}},"1":{"start":{"line":7,"column":29},"end":{"line":7,"column":42}},"2":{"start":{"line":8,"column":8},"end":{"line":8,"column":33}}},"fnMap":{"0":{"name":"(anonymous_0)","decl":{"start":{"line":6,"column":4},"end":{"line":6,"column":5}},"loc":{"start":{"line":6,"column":38},"end":{"line":9,"column":5}},"line":6}},"branchMap":{},"s":{"0":0,"1":0,"2":0},"f":{"0":0},"b":{}}
,"D:\\Projetos\\web\\mundogeek\\client\\src\\components\\Services\\PostsServices.ts": {"path":"D:\\Projetos\\web\\mundogeek\\client\\src\\components\\Services\\PostsServices.ts","statementMap":{"0":{"start":{"line":4,"column":32},"end":{"line":4,"column":49}},"1":{"start":{"line":7,"column":34},"end":{"line":7,"column":47}},"2":{"start":{"line":8,"column":8},"end":{"line":8,"column":38}}},"fnMap":{"0":{"name":"(anonymous_0)","decl":{"start":{"line":6,"column":4},"end":{"line":6,"column":5}},"loc":{"start":{"line":6,"column":32},"end":{"line":9,"column":5}},"line":6}},"branchMap":{},"s":{"0":0,"1":0,"2":0},"f":{"0":0},"b":{}}
,"D:\\Projetos\\web\\mundogeek\\client\\src\\components\\Services\\TopCommentsServices.ts": {"path":"D:\\Projetos\\web\\mundogeek\\client\\src\\components\\Services\\TopCommentsServices.ts","statementMap":{"0":{"start":{"line":4,"column":32},"end":{"line":4,"column":55}},"1":{"start":{"line":7,"column":29},"end":{"line":7,"column":42}},"2":{"start":{"line":8,"column":8},"end":{"line":8,"column":33}}},"fnMap":{"0":{"name":"(anonymous_0)","decl":{"start":{"line":6,"column":4},"end":{"line":6,"column":5}},"loc":{"start":{"line":6,"column":38},"end":{"line":9,"column":5}},"line":6}},"branchMap":{},"s":{"0":0,"1":0,"2":0},"f":{"0":0},"b":{}}
,"D:\\Projetos\\web\\mundogeek\\client\\src\\components\\Skeletons\\SkeletonHighlights.tsx": {"path":"D:\\Projetos\\web\\mundogeek\\client\\src\\components\\Skeletons\\SkeletonHighlights.tsx","statementMap":{"0":{"start":{"line":3,"column":4},"end":{"line":5,"column":5}}},"fnMap":{"0":{"name":"SkeletonHighlights","decl":{"start":{"line":2,"column":9},"end":{"line":2,"column":27}},"loc":{"start":{"line":2,"column":30},"end":{"line":7,"column":1}},"line":2}},"branchMap":{},"s":{"0":0},"f":{"0":0},"b":{}}
,"D:\\Projetos\\web\\mundogeek\\client\\src\\components\\Skeletons\\index.tsx": {"path":"D:\\Projetos\\web\\mundogeek\\client\\src\\components\\Skeletons\\index.tsx","statementMap":{"0":{"start":{"line":8,"column":4},"end":{"line":10,"column":5}}},"fnMap":{"0":{"name":"Skeleton","decl":{"start":{"line":7,"column":9},"end":{"line":7,"column":17}},"loc":{"start":{"line":7,"column":56},"end":{"line":12,"column":1}},"line":7}},"branchMap":{},"s":{"0":0},"f":{"0":0},"b":{}}
,"D:\\Projetos\\web\\mundogeek\\client\\src\\routes\\ErrorPageRoute.tsx": {"path":"D:\\Projetos\\web\\mundogeek\\client\\src\\routes\\ErrorPageRoute.tsx","statementMap":{"0":{"start":{"line":1,"column":23},"end":{"line":7,"column":1}},"1":{"start":{"line":2,"column":4},"end":{"line":6,"column":6}}},"fnMap":{"0":{"name":"(anonymous_0)","decl":{"start":{"line":1,"column":23},"end":{"line":1,"column":24}},"loc":{"start":{"line":1,"column":29},"end":{"line":7,"column":1}},"line":1}},"branchMap":{},"s":{"0":0,"1":0},"f":{"0":0},"b":{}}
,"D:\\Projetos\\web\\mundogeek\\client\\src\\routes\\HomeRoute.tsx": {"path":"D:\\Projetos\\web\\mundogeek\\client\\src\\routes\\HomeRoute.tsx","statementMap":{"0":{"start":{"line":5,"column":18},"end":{"line":12,"column":1}},"1":{"start":{"line":6,"column":4},"end":{"line":11,"column":6}}},"fnMap":{"0":{"name":"(anonymous_0)","decl":{"start":{"line":5,"column":18},"end":{"line":5,"column":19}},"loc":{"start":{"line":5,"column":24},"end":{"line":12,"column":1}},"line":5}},"branchMap":{},"s":{"0":0,"1":0},"f":{"0":0},"b":{}}
,"D:\\Projetos\\web\\mundogeek\\client\\src\\routes\\PostRoute.tsx": {"path":"D:\\Projetos\\web\\mundogeek\\client\\src\\routes\\PostRoute.tsx","statementMap":{"0":{"start":{"line":3,"column":18},"end":{"line":10,"column":1}},"1":{"start":{"line":5,"column":4},"end":{"line":9,"column":6}}},"fnMap":{"0":{"name":"(anonymous_0)","decl":{"start":{"line":3,"column":18},"end":{"line":3,"column":19}},"loc":{"start":{"line":3,"column":24},"end":{"line":10,"column":1}},"line":3}},"branchMap":{},"s":{"0":0,"1":0},"f":{"0":0},"b":{}}
,"D:\\Projetos\\web\\mundogeek\\client\\src\\routes\\SearchRoute.tsx": {"path":"D:\\Projetos\\web\\mundogeek\\client\\src\\routes\\SearchRoute.tsx","statementMap":{"0":{"start":{"line":4,"column":4},"end":{"line":8,"column":5}}},"fnMap":{"0":{"name":"SearchRoute","decl":{"start":{"line":3,"column":9},"end":{"line":3,"column":20}},"loc":{"start":{"line":3,"column":23},"end":{"line":9,"column":1}},"line":3}},"branchMap":{},"s":{"0":0},"f":{"0":0},"b":{}}
,"D:\\Projetos\\web\\mundogeek\\client\\src\\routes\\TagRoute.tsx": {"path":"D:\\Projetos\\web\\mundogeek\\client\\src\\routes\\TagRoute.tsx","statementMap":{"0":{"start":{"line":4,"column":4},"end":{"line":8,"column":5}}},"fnMap":{"0":{"name":"TagRoute","decl":{"start":{"line":3,"column":9},"end":{"line":3,"column":17}},"loc":{"start":{"line":3,"column":20},"end":{"line":9,"column":1}},"line":3}},"branchMap":{},"s":{"0":0},"f":{"0":0},"b":{}}
}
